# JRE version: OpenJDK Runtime Environment (21.0+35) (build 21+35-2513)
# Java VM: OpenJDK 64-Bit Server VM (21+35-2513, mixed mode, sharing, tiered, compressed oops, compressed class ptrs, g1 gc, windows-amd64)
GC Precious Log:
 CardTable entry size: 512
 Card Set container configuration: InlinePtr #cards 4 size 8 Array Of Cards #cards 32 size 80 Howl #buckets 8 coarsen threshold 7372 Howl Bitmap #cards 1024 size 144 coarsen threshold 921 Card regions per heap region 1 cards per card region 8192
 CPUs: 8 total, 8 available
 Memory: 32455M
 Large Page Support: Disabled
 NUMA Support: Disabled
 Compressed Oops: Enabled (Zero based)
 Heap Region Size: 4M
 Heap Min Capacity: 8M
 Heap Initial Capacity: 508M
 Heap Max Capacity: 8116M
 Pre-touch: Disabled
 Parallel Workers: 8
 Concurrent Workers: 2
 Concurrent Refinement Workers: 8
 Periodic GC: Disabled
Heap:
 garbage-first heap   total 520192K, used 257720K [0x0000000604c00000, 0x0000000800000000)
  region size 4096K, 5 young (20480K), 5 survivors (20480K)
 Metaspace       used 65595K, committed 66560K, reserved 1114112K
  class space    used 7804K, committed 8256K, reserved 1048576K
GC Heap History (20 events):
Event: 146.977 GC heap after
{Heap after GC invocations=49 (full 0):
 garbage-first heap   total 81920K, used 36277K [0x0000000604c00000, 0x0000000800000000)
  region size 4096K, 2 young (8192K), 2 survivors (8192K)
 Metaspace       used 64721K, committed 65728K, reserved 1114112K
  class space    used 7793K, committed 8256K, reserved 1048576K
}
Event: 147.141 GC heap before
{Heap before GC invocations=49 (full 0):
 garbage-first heap   total 81920K, used 64949K [0x0000000604c00000, 0x0000000800000000)
  region size 4096K, 9 young (36864K), 2 survivors (8192K)
 Metaspace       used 64794K, committed 65792K, reserved 1114112K
  class space    used 7794K, committed 8256K, reserved 1048576K
}
Event: 147.147 GC heap after
{Heap after GC invocations=50 (full 0):
 garbage-first heap   total 81920K, used 39805K [0x0000000604c00000, 0x0000000800000000)
  region size 4096K, 2 young (8192K), 2 survivors (8192K)
 Metaspace       used 64794K, committed 65792K, reserved 1114112K
  class space    used 7794K, committed 8256K, reserved 1048576K
}
Event: 147.261 GC heap before
{Heap before GC invocations=50 (full 0):
 garbage-first heap   total 81920K, used 64381K [0x0000000604c00000, 0x0000000800000000)
  region size 4096K, 9 young (36864K), 2 survivors (8192K)
 Metaspace       used 64816K, committed 65792K, reserved 1114112K
  class space    used 7794K, committed 8256K, reserved 1048576K
}
Event: 147.267 GC heap after
{Heap after GC invocations=51 (full 0):
 garbage-first heap   total 303104K, used 41947K [0x0000000604c00000, 0x0000000800000000)
  region size 4096K, 2 young (8192K), 2 survivors (8192K)
 Metaspace       used 64816K, committed 65792K, reserved 1114112K
  class space    used 7794K, committed 8256K, reserved 1048576K
}
Event: 148.586 GC heap before
{Heap before GC invocations=51 (full 0):
 garbage-first heap   total 303104K, used 213979K [0x0000000604c00000, 0x0000000800000000)
  region size 4096K, 44 young (180224K), 2 survivors (8192K)
 Metaspace       used 65286K, committed 66240K, reserved 1114112K
  class space    used 7797K, committed 8256K, reserved 1048576K
}
Event: 148.606 GC heap after
{Heap after GC invocations=52 (full 0):
 garbage-first heap   total 303104K, used 67636K [0x0000000604c00000, 0x0000000800000000)
  region size 4096K, 6 young (24576K), 6 survivors (24576K)
 Metaspace       used 65286K, committed 66240K, reserved 1114112K
  class space    used 7797K, committed 8256K, reserved 1048576K
}
Event: 149.295 GC heap before
{Heap before GC invocations=52 (full 0):
 garbage-first heap   total 303104K, used 215092K [0x0000000604c00000, 0x0000000800000000)
  region size 4096K, 42 young (172032K), 6 survivors (24576K)
 Metaspace       used 65375K, committed 66304K, reserved 1114112K
  class space    used 7798K, committed 8256K, reserved 1048576K
}
Event: 149.323 GC heap after
{Heap after GC invocations=53 (full 0):
 garbage-first heap   total 303104K, used 95694K [0x0000000604c00000, 0x0000000800000000)
  region size 4096K, 6 young (24576K), 6 survivors (24576K)
 Metaspace       used 65375K, committed 66304K, reserved 1114112K
  class space    used 7798K, committed 8256K, reserved 1048576K
}
Event: 149.715 GC heap before
{Heap before GC invocations=53 (full 0):
 garbage-first heap   total 303104K, used 226766K [0x0000000604c00000, 0x0000000800000000)
  region size 4096K, 38 young (155648K), 6 survivors (24576K)
 Metaspace       used 65454K, committed 66368K, reserved 1114112K
  class space    used 7798K, committed 8256K, reserved 1048576K
}
Event: 149.738 GC heap after
{Heap after GC invocations=54 (full 0):
 garbage-first heap   total 303104K, used 117024K [0x0000000604c00000, 0x0000000800000000)
  region size 4096K, 5 young (20480K), 5 survivors (20480K)
 Metaspace       used 65454K, committed 66368K, reserved 1114112K
  class space    used 7798K, committed 8256K, reserved 1048576K
}
Event: 150.142 GC heap before
{Heap before GC invocations=54 (full 0):
 garbage-first heap   total 303104K, used 244000K [0x0000000604c00000, 0x0000000800000000)
  region size 4096K, 36 young (147456K), 5 survivors (20480K)
 Metaspace       used 65482K, committed 66496K, reserved 1114112K
  class space    used 7799K, committed 8256K, reserved 1048576K
}
Event: 150.162 GC heap after
{Heap after GC invocations=55 (full 0):
 garbage-first heap   total 421888K, used 138200K [0x0000000604c00000, 0x0000000800000000)
  region size 4096K, 5 young (20480K), 5 survivors (20480K)
 Metaspace       used 65482K, committed 66496K, reserved 1114112K
  class space    used 7799K, committed 8256K, reserved 1048576K
}
Event: 150.849 GC heap before
{Heap before GC invocations=55 (full 0):
 garbage-first heap   total 421888K, used 338904K [0x0000000604c00000, 0x0000000800000000)
  region size 4096K, 54 young (221184K), 5 survivors (20480K)
 Metaspace       used 65523K, committed 66496K, reserved 1114112K
  class space    used 7799K, committed 8256K, reserved 1048576K
}
Event: 150.873 GC heap after
{Heap after GC invocations=56 (full 0):
 garbage-first heap   total 421888K, used 171164K [0x0000000604c00000, 0x0000000800000000)
  region size 4096K, 7 young (28672K), 7 survivors (28672K)
 Metaspace       used 65523K, committed 66496K, reserved 1114112K
  class space    used 7799K, committed 8256K, reserved 1048576K
}
Event: 151.443 GC heap before
{Heap before GC invocations=56 (full 0):
 garbage-first heap   total 421888K, used 347292K [0x0000000604c00000, 0x0000000800000000)
  region size 4096K, 50 young (204800K), 7 survivors (28672K)
 Metaspace       used 65532K, committed 66496K, reserved 1114112K
  class space    used 7799K, committed 8256K, reserved 1048576K
}
Event: 151.478 GC heap after
{Heap after GC invocations=57 (full 0):
 garbage-first heap   total 421888K, used 204800K [0x0000000604c00000, 0x0000000800000000)
  region size 4096K, 7 young (28672K), 7 survivors (28672K)
 Metaspace       used 65532K, committed 66496K, reserved 1114112K
  class space    used 7799K, committed 8256K, reserved 1048576K
}
Event: 151.903 GC heap before
{Heap before GC invocations=57 (full 0):
 garbage-first heap   total 421888K, used 356352K [0x0000000604c00000, 0x0000000800000000)
  region size 4096K, 44 young (180224K), 7 survivors (28672K)
 Metaspace       used 65534K, committed 66496K, reserved 1114112K
  class space    used 7799K, committed 8256K, reserved 1048576K
}
Event: 151.933 GC heap after
{Heap after GC invocations=58 (full 0):
 garbage-first heap   total 421888K, used 233472K [0x0000000604c00000, 0x0000000800000000)
  region size 4096K, 6 young (24576K), 6 survivors (24576K)
 Metaspace       used 65534K, committed 66496K, reserved 1114112K
  class space    used 7799K, committed 8256K, reserved 1048576K
}
Event: 152.311 GC heap before
{Heap before GC invocations=58 (full 0):
 garbage-first heap   total 421888K, used 364544K [0x0000000604c00000, 0x0000000800000000)
  region size 4096K, 38 young (155648K), 6 survivors (24576K)
 Metaspace       used 65595K, committed 66560K, reserved 1114112K
  class space    used 7804K, committed 8256K, reserved 1048576K
}

