# JRE version: OpenJDK Runtime Environment (21.0+35) (build 21+35-2513)
# Java VM: OpenJDK 64-Bit Server VM (21+35-2513, mixed mode, sharing, tiered, compressed oops, compressed class ptrs, g1 gc, windows-amd64)
GC Precious Log:
 CardTable entry size: 512
 Card Set container configuration: InlinePtr #cards 4 size 8 Array Of Cards #cards 32 size 80 Howl #buckets 8 coarsen threshold 7372 Howl Bitmap #cards 1024 size 144 coarsen threshold 921 Card regions per heap region 1 cards per card region 8192
 CPUs: 8 total, 8 available
 Memory: 32455M
 Large Page Support: Disabled
 NUMA Support: Disabled
 Compressed Oops: Enabled (Zero based)
 Heap Region Size: 4M
 Heap Min Capacity: 8M
 Heap Initial Capacity: 508M
 Heap Max Capacity: 8116M
 Pre-touch: Disabled
 Parallel Workers: 8
 Concurrent Workers: 2
 Concurrent Refinement Workers: 8
 Periodic GC: Disabled
Heap:
 garbage-first heap   total 520192K, used 291578K [0x0000000604c00000, 0x0000000800000000)
  region size 4096K, 5 young (20480K), 5 survivors (20480K)
 Metaspace       used 65550K, committed 66496K, reserved 1114112K
  class space    used 7804K, committed 8256K, reserved 1048576K
GC Heap History (20 events):
Event: 67.470 GC heap after
{Heap after GC invocations=38 (full 0):
 garbage-first heap   total 106496K, used 45063K [0x0000000604c00000, 0x0000000800000000)
  region size 4096K, 2 young (8192K), 2 survivors (8192K)
 Metaspace       used 64766K, committed 65664K, reserved 1114112K
  class space    used 7793K, committed 8192K, reserved 1048576K
}
Event: 67.725 GC heap before
{Heap before GC invocations=38 (full 0):
 garbage-first heap   total 106496K, used 86023K [0x0000000604c00000, 0x0000000800000000)
  region size 4096K, 12 young (49152K), 2 survivors (8192K)
 Metaspace       used 65029K, committed 65920K, reserved 1114112K
  class space    used 7793K, committed 8192K, reserved 1048576K
}
Event: 67.731 GC heap after
{Heap after GC invocations=39 (full 0):
 garbage-first heap   total 106496K, used 52373K [0x0000000604c00000, 0x0000000800000000)
  region size 4096K, 2 young (8192K), 2 survivors (8192K)
 Metaspace       used 65029K, committed 65920K, reserved 1114112K
  class space    used 7793K, committed 8192K, reserved 1048576K
}
Event: 67.890 GC heap before
{Heap before GC invocations=39 (full 0):
 garbage-first heap   total 106496K, used 89237K [0x0000000604c00000, 0x0000000800000000)
  region size 4096K, 11 young (45056K), 2 survivors (8192K)
 Metaspace       used 65080K, committed 65984K, reserved 1114112K
  class space    used 7794K, committed 8192K, reserved 1048576K
}
Event: 67.897 GC heap after
{Heap after GC invocations=40 (full 0):
 garbage-first heap   total 315392K, used 58400K [0x0000000604c00000, 0x0000000800000000)
  region size 4096K, 2 young (8192K), 2 survivors (8192K)
 Metaspace       used 65080K, committed 65984K, reserved 1114112K
  class space    used 7794K, committed 8192K, reserved 1048576K
}
Event: 68.649 GC heap before
{Heap before GC invocations=40 (full 0):
 garbage-first heap   total 315392K, used 234528K [0x0000000604c00000, 0x0000000800000000)
  region size 4096K, 46 young (188416K), 2 survivors (8192K)
 Metaspace       used 65259K, committed 66240K, reserved 1114112K
  class space    used 7795K, committed 8256K, reserved 1048576K
}
Event: 68.671 GC heap after
{Heap after GC invocations=41 (full 0):
 garbage-first heap   total 315392K, used 89921K [0x0000000604c00000, 0x0000000800000000)
  region size 4096K, 6 young (24576K), 6 survivors (24576K)
 Metaspace       used 65259K, committed 66240K, reserved 1114112K
  class space    used 7795K, committed 8256K, reserved 1048576K
}
Event: 69.102 GC heap before
{Heap before GC invocations=41 (full 0):
 garbage-first heap   total 315392K, used 253761K [0x0000000604c00000, 0x0000000800000000)
  region size 4096K, 46 young (188416K), 6 survivors (24576K)
 Metaspace       used 65370K, committed 66304K, reserved 1114112K
  class space    used 7796K, committed 8256K, reserved 1048576K
}
Event: 69.124 GC heap after
{Heap after GC invocations=42 (full 0):
 garbage-first heap   total 315392K, used 116772K [0x0000000604c00000, 0x0000000800000000)
  region size 4096K, 6 young (24576K), 6 survivors (24576K)
 Metaspace       used 65370K, committed 66304K, reserved 1114112K
  class space    used 7796K, committed 8256K, reserved 1048576K
}
Event: 69.453 GC heap before
{Heap before GC invocations=42 (full 0):
 garbage-first heap   total 315392K, used 260132K [0x0000000604c00000, 0x0000000800000000)
  region size 4096K, 41 young (167936K), 6 survivors (24576K)
 Metaspace       used 65406K, committed 66368K, reserved 1114112K
  class space    used 7797K, committed 8256K, reserved 1048576K
}
Event: 69.477 GC heap after
{Heap after GC invocations=43 (full 0):
 garbage-first heap   total 315392K, used 141577K [0x0000000604c00000, 0x0000000800000000)
  region size 4096K, 6 young (24576K), 6 survivors (24576K)
 Metaspace       used 65406K, committed 66368K, reserved 1114112K
  class space    used 7797K, committed 8256K, reserved 1048576K
}
Event: 69.745 GC heap before
{Heap before GC invocations=43 (full 0):
 garbage-first heap   total 315392K, used 264457K [0x0000000604c00000, 0x0000000800000000)
  region size 4096K, 36 young (147456K), 6 survivors (24576K)
 Metaspace       used 65437K, committed 66368K, reserved 1114112K
  class space    used 7797K, committed 8256K, reserved 1048576K
}
Event: 69.765 GC heap after
{Heap after GC invocations=44 (full 0):
 garbage-first heap   total 466944K, used 161941K [0x0000000604c00000, 0x0000000800000000)
  region size 4096K, 5 young (20480K), 5 survivors (20480K)
 Metaspace       used 65437K, committed 66368K, reserved 1114112K
  class space    used 7797K, committed 8256K, reserved 1048576K
}
Event: 70.305 GC heap before
{Heap before GC invocations=44 (full 0):
 garbage-first heap   total 466944K, used 383125K [0x0000000604c00000, 0x0000000800000000)
  region size 4096K, 59 young (241664K), 5 survivors (20480K)
 Metaspace       used 65451K, committed 66368K, reserved 1114112K
  class space    used 7797K, committed 8256K, reserved 1048576K
}
Event: 70.334 GC heap after
{Heap after GC invocations=45 (full 0):
 garbage-first heap   total 466944K, used 201246K [0x0000000604c00000, 0x0000000800000000)
  region size 4096K, 8 young (32768K), 8 survivors (32768K)
 Metaspace       used 65451K, committed 66368K, reserved 1114112K
  class space    used 7797K, committed 8256K, reserved 1048576K
}
Event: 70.839 GC heap before
{Heap before GC invocations=45 (full 0):
 garbage-first heap   total 466944K, used 385566K [0x0000000604c00000, 0x0000000800000000)
  region size 4096K, 53 young (217088K), 8 survivors (32768K)
 Metaspace       used 65454K, committed 66368K, reserved 1114112K
  class space    used 7798K, committed 8256K, reserved 1048576K
}
Event: 70.874 GC heap after
{Heap after GC invocations=46 (full 0):
 garbage-first heap   total 466944K, used 236996K [0x0000000604c00000, 0x0000000800000000)
  region size 4096K, 7 young (28672K), 7 survivors (28672K)
 Metaspace       used 65454K, committed 66368K, reserved 1114112K
  class space    used 7798K, committed 8256K, reserved 1048576K
}
Event: 71.318 GC heap before
{Heap before GC invocations=46 (full 0):
 garbage-first heap   total 466944K, used 400836K [0x0000000604c00000, 0x0000000800000000)
  region size 4096K, 47 young (192512K), 7 survivors (28672K)
 Metaspace       used 65507K, committed 66432K, reserved 1114112K
  class space    used 7804K, committed 8256K, reserved 1048576K
}
Event: 71.353 GC heap after
{Heap after GC invocations=47 (full 0):
 garbage-first heap   total 466944K, used 268698K [0x0000000604c00000, 0x0000000800000000)
  region size 4096K, 6 young (24576K), 6 survivors (24576K)
 Metaspace       used 65507K, committed 66432K, reserved 1114112K
  class space    used 7804K, committed 8256K, reserved 1048576K
}
Event: 71.861 GC heap before
{Heap before GC invocations=47 (full 0):
 garbage-first heap   total 466944K, used 407962K [0x0000000604c00000, 0x0000000800000000)
  region size 4096K, 40 young (163840K), 6 survivors (24576K)
 Metaspace       used 65550K, committed 66496K, reserved 1114112K
  class space    used 7804K, committed 8256K, reserved 1048576K
}

